<?xml version="1.0" encoding="UTF-8"?>
<coverage generated="1458418060129" clover="3.2.0">
	<project timestamp="1458418060129"  name="All Files" >
		<metrics statements="19"  coveredstatements="19"  conditionals="33"  coveredconditionals="20"  methods="16"  coveredmethods="16"  elements="68"  coveredelements="55"  complexity="0"  packages="2"  files="3"  classes="3"  loc="57"  ncloc="57" />
		<package name="components" >
			<metrics statements="13"  coveredstatements="13"  conditionals="33"  coveredconditionals="20"  methods="12"  coveredmethods="12" />
			<file name="CheckboxWithLabel.js"  path="/Users/mikee/Documents/Projects/dev/react/react-jest-enzyme-gulp/src/js/components/CheckboxWithLabel.js" >
				<metrics statements="9"  coveredstatements="9"  conditionals="33"  coveredconditionals="20"  methods="11"  coveredmethods="11" />
				<line num="2"  count="2"  type="cond"  truecount="5"  falsecount="3" />
				<line num="4"  count="1"  type="cond"  truecount="13"  falsecount="10" />
				<line num="6"  count="1"  type="stmt" />
				<line num="8"  count="1"  type="stmt" />
				<line num="10"  count="1"  type="stmt" />
				<line num="14"  count="1"  type="stmt" />
				<line num="18"  count="2"  type="stmt" />
				<line num="22"  count="3"  type="stmt" />
				<line num="29"  count="1"  type="cond"  truecount="2"  falsecount="0" />
			</file>
			<file name="HelloWorld.jsx"  path="/Users/mikee/Documents/Projects/dev/react/react-jest-enzyme-gulp/src/js/components/HelloWorld.jsx" >
				<metrics statements="4"  coveredstatements="4"  conditionals="0"  coveredconditionals="0"  methods="1"  coveredmethods="1" />
				<line num="1"  count="1"  type="stmt" />
				<line num="3"  count="1"  type="stmt" />
				<line num="5"  count="1"  type="stmt" />
				<line num="13"  count="1"  type="stmt" />
			</file>
		</package>
		<package name="lib" >
			<metrics statements="6"  coveredstatements="6"  conditionals="0"  coveredconditionals="0"  methods="4"  coveredmethods="4" />
			<file name="math.js"  path="/Users/mikee/Documents/Projects/dev/react/react-jest-enzyme-gulp/src/js/lib/math.js" >
				<metrics statements="6"  coveredstatements="6"  conditionals="0"  coveredconditionals="0"  methods="4"  coveredmethods="4" />
				<line num="1"  count="1"  type="stmt" />
				<line num="3"  count="1"  type="stmt" />
				<line num="6"  count="1"  type="stmt" />
				<line num="9"  count="1"  type="stmt" />
				<line num="12"  count="2"  type="stmt" />
				<line num="15"  count="1"  type="stmt" />
			</file>
		</package>
	</project>
</coverage>
