{
"/home/merickson/code/erickson/react-gulp-enzyme/src/js/lib/math.js":{"path":"/home/merickson/code/erickson/react-gulp-enzyme/src/js/lib/math.js","s":{"1":1,"2":1,"3":1,"4":1,"5":2,"6":1},"b":{},"f":{"1":1,"2":1,"3":1,"4":2},"fnMap":{"1":{"name":"add","line":2,"loc":{"start":{"line":2,"column":7},"end":{"line":2,"column":50}},"skip":true},"2":{"name":"subtract","line":5,"loc":{"start":{"line":5,"column":12},"end":{"line":5,"column":60}},"skip":true},"3":{"name":"multiply","line":8,"loc":{"start":{"line":8,"column":12},"end":{"line":8,"column":60}},"skip":true},"4":{"name":"divide","line":11,"loc":{"start":{"line":11,"column":10},"end":{"line":11,"column":56}},"skip":true}},"statementMap":{"1":{"start":{"line":1,"column":37},"end":{"line":12,"column":21},"skip":true},"2":{"start":{"line":3,"column":4},"end":{"line":3,"column":17},"skip":true},"3":{"start":{"line":6,"column":4},"end":{"line":6,"column":17},"skip":true},"4":{"start":{"line":9,"column":4},"end":{"line":9,"column":17},"skip":true},"5":{"start":{"line":12,"column":4},"end":{"line":12,"column":17},"skip":true},"6":{"start":{"line":15,"column":0},"end":{"line":15,"column":22}}},"branchMap":{},"l":{"1":1,"3":1,"6":1,"9":1,"12":2,"15":1}},
"/home/merickson/code/erickson/react-gulp-enzyme/src/js/components/CheckboxWithLabel.js":{"path":"/home/merickson/code/erickson/react-gulp-enzyme/src/js/components/CheckboxWithLabel.js","s":{"1":1,"2":1,"3":1,"4":1,"5":2,"6":2,"7":2,"8":2,"9":2,"10":2,"11":1,"12":1,"13":1,"14":1,"15":0,"16":1,"17":1,"18":1,"19":1,"20":1,"21":1,"22":1,"23":0,"24":1,"25":1,"26":0,"27":1,"28":1,"29":1,"30":0,"31":1,"32":1,"33":1,"34":1,"35":1,"36":1,"37":1,"38":1,"39":1,"40":1,"41":1,"42":1,"43":2,"44":3,"45":1,"46":1},"b":{"1":[2,2],"2":[2,0],"3":[1,0],"4":[0,1],"5":[0,1],"6":[1,1],"7":[0,1],"8":[0,1],"9":[0,1],"10":[1,0,0],"11":[0,1],"12":[1,0],"13":[1,1],"14":[1,0],"15":[1,0],"16":[1,2]},"f":{"1":1,"2":1,"3":1,"4":1,"5":1,"6":1,"7":1,"8":1,"9":1,"10":2,"11":3},"fnMap":{"1":{"name":"(anonymous_1)","line":2,"loc":{"start":{"line":2,"column":119},"end":{"line":2,"column":131}}},"2":{"name":"defineProperties","line":2,"loc":{"start":{"line":2,"column":132},"end":{"line":2,"column":173}}},"3":{"name":"(anonymous_3)","line":2,"loc":{"start":{"line":2,"column":447},"end":{"line":2,"column":495}}},"4":{"name":"_interopRequireDefault","line":4,"loc":{"start":{"line":4,"column":124},"end":{"line":4,"column":161}}},"5":{"name":"_classCallCheck","line":4,"loc":{"start":{"line":4,"column":217},"end":{"line":4,"column":265}}},"6":{"name":"_possibleConstructorReturn","line":4,"loc":{"start":{"line":4,"column":366},"end":{"line":4,"column":414}}},"7":{"name":"_inherits","line":4,"loc":{"start":{"line":4,"column":601},"end":{"line":4,"column":642}}},"8":{"name":"(anonymous_8)","line":6,"loc":{"start":{"line":6,"column":20},"end":{"line":6,"column":48}}},"9":{"name":"CheckboxWithLabel","line":8,"loc":{"start":{"line":8,"column":2},"end":{"line":8,"column":36}}},"10":{"name":"onChange","line":14,"loc":{"start":{"line":14,"column":219},"end":{"line":17,"column":4}}},"11":{"name":"render","line":18,"loc":{"start":{"line":18,"column":87},"end":{"line":21,"column":4}}}},"statementMap":{"1":{"start":{"line":2,"column":38},"end":{"line":2,"column":100}},"2":{"start":{"line":2,"column":100},"end":{"line":2,"column":649}},"3":{"start":{"line":2,"column":132},"end":{"line":2,"column":440}},"4":{"start":{"line":2,"column":174},"end":{"line":2,"column":439}},"5":{"start":{"line":2,"column":214},"end":{"line":2,"column":240}},"6":{"start":{"line":2,"column":240},"end":{"line":2,"column":295}},"7":{"start":{"line":2,"column":295},"end":{"line":2,"column":326}},"8":{"start":{"line":2,"column":326},"end":{"line":2,"column":380}},"9":{"start":{"line":2,"column":353},"end":{"line":2,"column":380}},"10":{"start":{"line":2,"column":380},"end":{"line":2,"column":438}},"11":{"start":{"line":2,"column":440},"end":{"line":2,"column":645}},"12":{"start":{"line":2,"column":496},"end":{"line":2,"column":564}},"13":{"start":{"line":2,"column":512},"end":{"line":2,"column":564}},"14":{"start":{"line":2,"column":564},"end":{"line":2,"column":624}},"15":{"start":{"line":2,"column":581},"end":{"line":2,"column":624}},"16":{"start":{"line":2,"column":624},"end":{"line":2,"column":643}},"17":{"start":{"line":4,"column":0},"end":{"line":4,"column":54}},"18":{"start":{"line":4,"column":79},"end":{"line":4,"column":124}},"19":{"start":{"line":4,"column":124},"end":{"line":4,"column":217}},"20":{"start":{"line":4,"column":162},"end":{"line":4,"column":216}},"21":{"start":{"line":4,"column":217},"end":{"line":4,"column":366}},"22":{"start":{"line":4,"column":266},"end":{"line":4,"column":365}},"23":{"start":{"line":4,"column":307},"end":{"line":4,"column":364}},"24":{"start":{"line":4,"column":366},"end":{"line":4,"column":601}},"25":{"start":{"line":4,"column":415},"end":{"line":4,"column":514}},"26":{"start":{"line":4,"column":427},"end":{"line":4,"column":513}},"27":{"start":{"line":4,"column":514},"end":{"line":4,"column":600}},"28":{"start":{"line":4,"column":601},"end":{"line":4,"column":1089}},"29":{"start":{"line":4,"column":643},"end":{"line":4,"column":806}},"30":{"start":{"line":4,"column":705},"end":{"line":4,"column":805}},"31":{"start":{"line":4,"column":806},"end":{"line":4,"column":970}},"32":{"start":{"line":4,"column":970},"end":{"line":4,"column":1088}},"33":{"start":{"line":4,"column":986},"end":{"line":4,"column":1088}},"34":{"start":{"line":4,"column":1089},"end":{"line":29,"column":159}},"35":{"start":{"line":6,"column":49},"end":{"line":6,"column":96}},"36":{"start":{"line":8,"column":2},"end":{"line":14,"column":160}},"37":{"start":{"line":8,"column":61},"end":{"line":8,"column":102}},"38":{"start":{"line":8,"column":127},"end":{"line":9,"column":12}},"39":{"start":{"line":10,"column":28},"end":{"line":10,"column":63}},"40":{"start":{"line":14,"column":28},"end":{"line":14,"column":121}},"41":{"start":{"line":14,"column":146},"end":{"line":14,"column":159},"skip":true},"42":{"start":{"line":14,"column":160},"end":{"line":29,"column":80}},"43":{"start":{"line":18,"column":6},"end":{"line":18,"column":58}},"44":{"start":{"line":22,"column":6},"end":{"line":29,"column":74}},"45":{"start":{"line":29,"column":80},"end":{"line":29,"column":105}},"46":{"start":{"line":29,"column":184},"end":{"line":29,"column":220}}},"branchMap":{"1":{"line":2,"type":"binary-expr","locations":[{"start":{"line":2,"column":264},"end":{"line":2,"column":285}},{"start":{"line":2,"column":289},"end":{"line":2,"column":294}}]},"2":{"line":2,"type":"if","locations":[{"start":{"line":2,"column":326},"end":{"line":2,"column":326}},{"start":{"line":2,"column":326},"end":{"line":2,"column":326}}]},"3":{"line":2,"type":"if","locations":[{"start":{"line":2,"column":496},"end":{"line":2,"column":496}},{"start":{"line":2,"column":496},"end":{"line":2,"column":496}}]},"4":{"line":2,"type":"if","locations":[{"start":{"line":2,"column":564},"end":{"line":2,"column":564}},{"start":{"line":2,"column":564},"end":{"line":2,"column":564}}]},"5":{"line":4,"type":"cond-expr","locations":[{"start":{"line":4,"column":193},"end":{"line":4,"column":196}},{"start":{"line":4,"column":199},"end":{"line":4,"column":215}}]},"6":{"line":4,"type":"binary-expr","locations":[{"start":{"line":4,"column":169},"end":{"line":4,"column":172}},{"start":{"line":4,"column":176},"end":{"line":4,"column":190}}]},"7":{"line":4,"type":"if","locations":[{"start":{"line":4,"column":266},"end":{"line":4,"column":266}},{"start":{"line":4,"column":266},"end":{"line":4,"column":266}}]},"8":{"line":4,"type":"if","locations":[{"start":{"line":4,"column":415},"end":{"line":4,"column":415}},{"start":{"line":4,"column":415},"end":{"line":4,"column":415}}]},"9":{"line":4,"type":"cond-expr","locations":[{"start":{"line":4,"column":588},"end":{"line":4,"column":592}},{"start":{"line":4,"column":595},"end":{"line":4,"column":599}}]},"10":{"line":4,"type":"binary-expr","locations":[{"start":{"line":4,"column":521},"end":{"line":4,"column":525}},{"start":{"line":4,"column":530},"end":{"line":4,"column":554}},{"start":{"line":4,"column":558},"end":{"line":4,"column":584}}]},"11":{"line":4,"type":"if","locations":[{"start":{"line":4,"column":643},"end":{"line":4,"column":643}},{"start":{"line":4,"column":643},"end":{"line":4,"column":643}}]},"12":{"line":4,"type":"binary-expr","locations":[{"start":{"line":4,"column":647},"end":{"line":4,"column":679}},{"start":{"line":4,"column":683},"end":{"line":4,"column":702}}]},"13":{"line":4,"type":"binary-expr","locations":[{"start":{"line":4,"column":841},"end":{"line":4,"column":851}},{"start":{"line":4,"column":855},"end":{"line":4,"column":875}}]},"14":{"line":4,"type":"if","locations":[{"start":{"line":4,"column":970},"end":{"line":4,"column":970}},{"start":{"line":4,"column":970},"end":{"line":4,"column":970}}]},"15":{"line":4,"type":"cond-expr","locations":[{"start":{"line":4,"column":1010},"end":{"line":4,"column":1053}},{"start":{"line":4,"column":1056},"end":{"line":4,"column":1087}}]},"16":{"line":29,"type":"cond-expr","locations":[{"start":{"line":29,"column":31},"end":{"line":29,"column":49}},{"start":{"line":29,"column":52},"end":{"line":29,"column":71}}]}},"l":{"2":2,"4":1,"6":1,"8":1,"10":1,"14":1,"18":2,"22":3,"29":1}},
"/home/merickson/code/erickson/react-gulp-enzyme/src/js/components/HelloWorld.jsx":{"path":"/home/merickson/code/erickson/react-gulp-enzyme/src/js/components/HelloWorld.jsx","s":{"1":1,"2":1,"3":1,"4":1},"b":{},"f":{"1":1},"fnMap":{"1":{"name":"render","line":4,"loc":{"start":{"line":4,"column":10},"end":{"line":4,"column":52}}}},"statementMap":{"1":{"start":{"line":1,"column":37},"end":{"line":1,"column":66},"skip":true},"2":{"start":{"line":3,"column":0},"end":{"line":7,"column":212}},"3":{"start":{"line":5,"column":4},"end":{"line":7,"column":207}},"4":{"start":{"line":13,"column":0},"end":{"line":13,"column":28},"skip":true}},"branchMap":{},"l":{"1":1,"3":1,"5":1,"13":1}}}
