TN:
SF:/Users/mikee/Documents/Projects/dev/react/react-jest-enzyme-gulp/src/js/lib/math.js
FN:2,add
FN:5,subtract
FN:8,multiply
FN:11,divide
FNF:4
FNH:4
FNDA:1,add
FNDA:1,subtract
FNDA:1,multiply
FNDA:2,divide
DA:1,1
DA:3,1
DA:6,1
DA:9,1
DA:12,2
DA:15,1
LF:6
LH:6
BRF:0
BRH:0
end_of_record
TN:
SF:/Users/mikee/Documents/Projects/dev/react/react-jest-enzyme-gulp/src/js/components/HelloWorld.jsx
FN:4,render
FNF:1
FNH:1
FNDA:1,render
DA:1,1
DA:3,1
DA:5,1
DA:13,1
LF:4
LH:4
BRF:0
BRH:0
end_of_record
TN:
SF:/Users/mikee/Documents/Projects/dev/react/react-jest-enzyme-gulp/src/js/components/CheckboxWithLabel.js
FN:2,(anonymous_1)
FN:2,defineProperties
FN:2,(anonymous_3)
FN:4,_interopRequireDefault
FN:4,_classCallCheck
FN:4,_possibleConstructorReturn
FN:4,_inherits
FN:6,(anonymous_8)
FN:8,CheckboxWithLabel
FN:14,onChange
FN:18,render
FNF:11
FNH:11
FNDA:1,(anonymous_1)
FNDA:1,defineProperties
FNDA:1,(anonymous_3)
FNDA:1,_interopRequireDefault
FNDA:1,_classCallCheck
FNDA:1,_possibleConstructorReturn
FNDA:1,_inherits
FNDA:1,(anonymous_8)
FNDA:1,CheckboxWithLabel
FNDA:2,onChange
FNDA:3,render
DA:2,2
DA:4,1
DA:6,1
DA:8,1
DA:10,1
DA:14,1
DA:18,2
DA:22,3
DA:29,1
LF:9
LH:9
BRDA:2,1,0,2
BRDA:2,1,1,2
BRDA:2,2,0,2
BRDA:2,2,1,0
BRDA:2,3,0,1
BRDA:2,3,1,0
BRDA:2,4,0,0
BRDA:2,4,1,1
BRDA:4,5,0,0
BRDA:4,5,1,1
BRDA:4,6,0,1
BRDA:4,6,1,1
BRDA:4,7,0,0
BRDA:4,7,1,1
BRDA:4,8,0,0
BRDA:4,8,1,1
BRDA:4,9,0,0
BRDA:4,9,1,1
BRDA:4,10,0,1
BRDA:4,10,1,0
BRDA:4,10,2,0
BRDA:4,11,0,0
BRDA:4,11,1,1
BRDA:4,12,0,1
BRDA:4,12,1,0
BRDA:4,13,0,1
BRDA:4,13,1,1
BRDA:4,14,0,1
BRDA:4,14,1,0
BRDA:4,15,0,1
BRDA:4,15,1,0
BRDA:29,16,0,1
BRDA:29,16,1,2
BRF:33
BRH:20
end_of_record
